1775191797982|0|statement|connection 22|url jdbc:h2:mem:testdb|     drop table if exists coupon cascade |     drop table if exists coupon cascade 
1775191797983|0|statement|connection 22|url jdbc:h2:mem:testdb|     drop table if exists coupon_issue cascade |     drop table if exists coupon_issue cascade 
1775191797983|0|statement|connection 22|url jdbc:h2:mem:testdb|     drop table if exists enrollment cascade |     drop table if exists enrollment cascade 
1775191797983|0|statement|connection 22|url jdbc:h2:mem:testdb|     drop table if exists lecture cascade |     drop table if exists lecture cascade 
1775191797983|0|statement|connection 22|url jdbc:h2:mem:testdb|     drop table if exists refresh_token cascade |     drop table if exists refresh_token cascade 
1775191797983|0|statement|connection 22|url jdbc:h2:mem:testdb|     drop table if exists users cascade |     drop table if exists users cascade 
1775191797988|0|statement|connection 23|url jdbc:h2:mem:testdb|     drop table if exists coupon cascade |     drop table if exists coupon cascade 
1775191797988|0|statement|connection 23|url jdbc:h2:mem:testdb|     drop table if exists coupon_issue cascade |     drop table if exists coupon_issue cascade 
1775191797989|0|statement|connection 23|url jdbc:h2:mem:testdb|     drop table if exists enrollment cascade |     drop table if exists enrollment cascade 
1775191797989|0|statement|connection 23|url jdbc:h2:mem:testdb|     drop table if exists lecture cascade |     drop table if exists lecture cascade 
1775191797989|0|statement|connection 23|url jdbc:h2:mem:testdb|     drop table if exists refresh_token cascade |     drop table if exists refresh_token cascade 
1775191797989|0|statement|connection 23|url jdbc:h2:mem:testdb|     drop table if exists users cascade |     drop table if exists users cascade 
1775191811673|0|statement|connection 22|url jdbc:h2:mem:testdb|     drop table if exists coupon cascade |     drop table if exists coupon cascade 
1775191811674|0|statement|connection 22|url jdbc:h2:mem:testdb|     drop table if exists coupon_issue cascade |     drop table if exists coupon_issue cascade 
1775191811674|0|statement|connection 22|url jdbc:h2:mem:testdb|     drop table if exists enrollment cascade |     drop table if exists enrollment cascade 
1775191811674|0|statement|connection 22|url jdbc:h2:mem:testdb|     drop table if exists lecture cascade |     drop table if exists lecture cascade 
1775191811674|0|statement|connection 22|url jdbc:h2:mem:testdb|     drop table if exists refresh_token cascade |     drop table if exists refresh_token cascade 
1775191811674|0|statement|connection 22|url jdbc:h2:mem:testdb|     drop table if exists users cascade |     drop table if exists users cascade 
1775191811679|0|statement|connection 23|url jdbc:h2:mem:testdb|     drop table if exists coupon cascade |     drop table if exists coupon cascade 
1775191811679|0|statement|connection 23|url jdbc:h2:mem:testdb|     drop table if exists coupon_issue cascade |     drop table if exists coupon_issue cascade 
1775191811679|0|statement|connection 23|url jdbc:h2:mem:testdb|     drop table if exists enrollment cascade |     drop table if exists enrollment cascade 
1775191811679|0|statement|connection 23|url jdbc:h2:mem:testdb|     drop table if exists lecture cascade |     drop table if exists lecture cascade 
1775191811680|0|statement|connection 23|url jdbc:h2:mem:testdb|     drop table if exists refresh_token cascade |     drop table if exists refresh_token cascade 
1775191811680|0|statement|connection 23|url jdbc:h2:mem:testdb|     drop table if exists users cascade |     drop table if exists users cascade 
1775191826222|0|statement|connection 22|url jdbc:h2:mem:testdb|     drop table if exists coupon cascade |     drop table if exists coupon cascade 
1775191826223|0|statement|connection 22|url jdbc:h2:mem:testdb|     drop table if exists coupon_issue cascade |     drop table if exists coupon_issue cascade 
1775191826223|0|statement|connection 22|url jdbc:h2:mem:testdb|     drop table if exists enrollment cascade |     drop table if exists enrollment cascade 
1775191826223|0|statement|connection 22|url jdbc:h2:mem:testdb|     drop table if exists lecture cascade |     drop table if exists lecture cascade 
1775191826223|0|statement|connection 22|url jdbc:h2:mem:testdb|     drop table if exists refresh_token cascade |     drop table if exists refresh_token cascade 
1775191826223|0|statement|connection 22|url jdbc:h2:mem:testdb|     drop table if exists users cascade |     drop table if exists users cascade 
1775191826228|0|statement|connection 23|url jdbc:h2:mem:testdb|     drop table if exists coupon cascade |     drop table if exists coupon cascade 
1775191826228|0|statement|connection 23|url jdbc:h2:mem:testdb|     drop table if exists coupon_issue cascade |     drop table if exists coupon_issue cascade 
1775191826228|0|statement|connection 23|url jdbc:h2:mem:testdb|     drop table if exists enrollment cascade |     drop table if exists enrollment cascade 
1775191826228|0|statement|connection 23|url jdbc:h2:mem:testdb|     drop table if exists lecture cascade |     drop table if exists lecture cascade 
1775191826228|0|statement|connection 23|url jdbc:h2:mem:testdb|     drop table if exists refresh_token cascade |     drop table if exists refresh_token cascade 
1775191826228|0|statement|connection 23|url jdbc:h2:mem:testdb|     drop table if exists users cascade |     drop table if exists users cascade 
1775274833651|0|statement|connection 96|url jdbc:h2:mem:testdb|     drop table if exists booking cascade |     drop table if exists booking cascade 
1775274833656|0|statement|connection 96|url jdbc:h2:mem:testdb|     drop table if exists concert cascade |     drop table if exists concert cascade 
1775274833656|0|statement|connection 96|url jdbc:h2:mem:testdb|     drop table if exists coupon cascade |     drop table if exists coupon cascade 
1775274833656|0|statement|connection 96|url jdbc:h2:mem:testdb|     drop table if exists coupon_issue cascade |     drop table if exists coupon_issue cascade 
1775274833657|0|statement|connection 96|url jdbc:h2:mem:testdb|     drop table if exists payment cascade |     drop table if exists payment cascade 
1775274833657|0|statement|connection 96|url jdbc:h2:mem:testdb|     drop table if exists payment_compensation_outbox cascade |     drop table if exists payment_compensation_outbox cascade 
1775274833657|0|statement|connection 96|url jdbc:h2:mem:testdb|     drop table if exists refresh_token cascade |     drop table if exists refresh_token cascade 
1775274833657|0|statement|connection 96|url jdbc:h2:mem:testdb|     drop table if exists users cascade |     drop table if exists users cascade 
1775274833684|0|statement|connection 97|url jdbc:h2:mem:testdb|     drop table if exists booking cascade |     drop table if exists booking cascade 
1775274833684|0|statement|connection 97|url jdbc:h2:mem:testdb|     drop table if exists concert cascade |     drop table if exists concert cascade 
1775274833685|0|statement|connection 97|url jdbc:h2:mem:testdb|     drop table if exists coupon cascade |     drop table if exists coupon cascade 
1775274833685|0|statement|connection 97|url jdbc:h2:mem:testdb|     drop table if exists coupon_issue cascade |     drop table if exists coupon_issue cascade 
1775274833685|0|statement|connection 97|url jdbc:h2:mem:testdb|     drop table if exists payment cascade |     drop table if exists payment cascade 
1775274833686|0|statement|connection 97|url jdbc:h2:mem:testdb|     drop table if exists payment_compensation_outbox cascade |     drop table if exists payment_compensation_outbox cascade 
1775274833686|0|statement|connection 97|url jdbc:h2:mem:testdb|     drop table if exists refresh_token cascade |     drop table if exists refresh_token cascade 
1775274833687|0|statement|connection 97|url jdbc:h2:mem:testdb|     drop table if exists users cascade |     drop table if exists users cascade 
1775274833712|0|statement|connection 98|url jdbc:h2:mem:testdb|     drop table if exists booking cascade |     drop table if exists booking cascade 
1775274833713|0|statement|connection 98|url jdbc:h2:mem:testdb|     drop table if exists concert cascade |     drop table if exists concert cascade 
1775274833713|0|statement|connection 98|url jdbc:h2:mem:testdb|     drop table if exists coupon cascade |     drop table if exists coupon cascade 
1775274833713|0|statement|connection 98|url jdbc:h2:mem:testdb|     drop table if exists coupon_issue cascade |     drop table if exists coupon_issue cascade 
1775274833713|0|statement|connection 98|url jdbc:h2:mem:testdb|     drop table if exists payment cascade |     drop table if exists payment cascade 
1775274833714|0|statement|connection 98|url jdbc:h2:mem:testdb|     drop table if exists payment_compensation_outbox cascade |     drop table if exists payment_compensation_outbox cascade 
1775274833714|0|statement|connection 98|url jdbc:h2:mem:testdb|     drop table if exists refresh_token cascade |     drop table if exists refresh_token cascade 
1775274833714|0|statement|connection 98|url jdbc:h2:mem:testdb|     drop table if exists users cascade |     drop table if exists users cascade 
1775274833747|0|statement|connection 99|url jdbc:h2:mem:testdb|     drop table if exists booking cascade |     drop table if exists booking cascade 
1775274833747|0|statement|connection 99|url jdbc:h2:mem:testdb|     drop table if exists concert cascade |     drop table if exists concert cascade 
1775274833748|0|statement|connection 99|url jdbc:h2:mem:testdb|     drop table if exists coupon cascade |     drop table if exists coupon cascade 
1775274833748|0|statement|connection 99|url jdbc:h2:mem:testdb|     drop table if exists coupon_issue cascade |     drop table if exists coupon_issue cascade 
1775274833748|0|statement|connection 99|url jdbc:h2:mem:testdb|     drop table if exists payment cascade |     drop table if exists payment cascade 
1775274833749|0|statement|connection 99|url jdbc:h2:mem:testdb|     drop table if exists payment_compensation_outbox cascade |     drop table if exists payment_compensation_outbox cascade 
1775274833750|0|statement|connection 99|url jdbc:h2:mem:testdb|     drop table if exists refresh_token cascade |     drop table if exists refresh_token cascade 
1775274833751|0|statement|connection 99|url jdbc:h2:mem:testdb|     drop table if exists users cascade |     drop table if exists users cascade 
1775274833771|0|statement|connection 100|url jdbc:h2:mem:testdb|     drop table if exists booking cascade |     drop table if exists booking cascade 
1775274833772|0|statement|connection 100|url jdbc:h2:mem:testdb|     drop table if exists concert cascade |     drop table if exists concert cascade 
1775274833772|0|statement|connection 100|url jdbc:h2:mem:testdb|     drop table if exists coupon cascade |     drop table if exists coupon cascade 
1775274833772|0|statement|connection 100|url jdbc:h2:mem:testdb|     drop table if exists coupon_issue cascade |     drop table if exists coupon_issue cascade 
1775274833772|0|statement|connection 100|url jdbc:h2:mem:testdb|     drop table if exists payment cascade |     drop table if exists payment cascade 
1775274833773|0|statement|connection 100|url jdbc:h2:mem:testdb|     drop table if exists payment_compensation_outbox cascade |     drop table if exists payment_compensation_outbox cascade 
1775274833773|0|statement|connection 100|url jdbc:h2:mem:testdb|     drop table if exists refresh_token cascade |     drop table if exists refresh_token cascade 
1775274833773|0|statement|connection 100|url jdbc:h2:mem:testdb|     drop table if exists users cascade |     drop table if exists users cascade 
1775274858099|0|statement|connection 84|url jdbc:h2:mem:testdb|     drop table if exists booking cascade |     drop table if exists booking cascade 
1775274858100|0|statement|connection 84|url jdbc:h2:mem:testdb|     drop table if exists concert cascade |     drop table if exists concert cascade 
1775274858100|0|statement|connection 84|url jdbc:h2:mem:testdb|     drop table if exists coupon cascade |     drop table if exists coupon cascade 
1775274858100|0|statement|connection 84|url jdbc:h2:mem:testdb|     drop table if exists coupon_issue cascade |     drop table if exists coupon_issue cascade 
1775274858100|0|statement|connection 84|url jdbc:h2:mem:testdb|     drop table if exists payment cascade |     drop table if exists payment cascade 
1775274858100|0|statement|connection 84|url jdbc:h2:mem:testdb|     drop table if exists payment_compensation_outbox cascade |     drop table if exists payment_compensation_outbox cascade 
1775274858100|0|statement|connection 84|url jdbc:h2:mem:testdb|     drop table if exists refresh_token cascade |     drop table if exists refresh_token cascade 
1775274858100|0|statement|connection 84|url jdbc:h2:mem:testdb|     drop table if exists users cascade |     drop table if exists users cascade 
1775274858105|0|statement|connection 85|url jdbc:h2:mem:testdb|     drop table if exists booking cascade |     drop table if exists booking cascade 
1775274858106|0|statement|connection 85|url jdbc:h2:mem:testdb|     drop table if exists concert cascade |     drop table if exists concert cascade 
1775274858106|0|statement|connection 85|url jdbc:h2:mem:testdb|     drop table if exists coupon cascade |     drop table if exists coupon cascade 
1775274858106|0|statement|connection 85|url jdbc:h2:mem:testdb|     drop table if exists coupon_issue cascade |     drop table if exists coupon_issue cascade 
1775274858106|0|statement|connection 85|url jdbc:h2:mem:testdb|     drop table if exists payment cascade |     drop table if exists payment cascade 
1775274858106|0|statement|connection 85|url jdbc:h2:mem:testdb|     drop table if exists payment_compensation_outbox cascade |     drop table if exists payment_compensation_outbox cascade 
1775274858106|0|statement|connection 85|url jdbc:h2:mem:testdb|     drop table if exists refresh_token cascade |     drop table if exists refresh_token cascade 
1775274858106|0|statement|connection 85|url jdbc:h2:mem:testdb|     drop table if exists users cascade |     drop table if exists users cascade 
1775274858110|0|statement|connection 86|url jdbc:h2:mem:testdb|     drop table if exists booking cascade |     drop table if exists booking cascade 
1775274858111|0|statement|connection 86|url jdbc:h2:mem:testdb|     drop table if exists concert cascade |     drop table if exists concert cascade 
1775274858111|0|statement|connection 86|url jdbc:h2:mem:testdb|     drop table if exists coupon cascade |     drop table if exists coupon cascade 
1775274858111|0|statement|connection 86|url jdbc:h2:mem:testdb|     drop table if exists coupon_issue cascade |     drop table if exists coupon_issue cascade 
1775274858111|0|statement|connection 86|url jdbc:h2:mem:testdb|     drop table if exists payment cascade |     drop table if exists payment cascade 
1775274858111|0|statement|connection 86|url jdbc:h2:mem:testdb|     drop table if exists payment_compensation_outbox cascade |     drop table if exists payment_compensation_outbox cascade 
1775274858111|0|statement|connection 86|url jdbc:h2:mem:testdb|     drop table if exists refresh_token cascade |     drop table if exists refresh_token cascade 
1775274858111|0|statement|connection 86|url jdbc:h2:mem:testdb|     drop table if exists users cascade |     drop table if exists users cascade 
1775274858115|0|statement|connection 87|url jdbc:h2:mem:testdb|     drop table if exists booking cascade |     drop table if exists booking cascade 
1775274858116|0|statement|connection 87|url jdbc:h2:mem:testdb|     drop table if exists concert cascade |     drop table if exists concert cascade 
1775274858116|0|statement|connection 87|url jdbc:h2:mem:testdb|     drop table if exists coupon cascade |     drop table if exists coupon cascade 
1775274858116|0|statement|connection 87|url jdbc:h2:mem:testdb|     drop table if exists coupon_issue cascade |     drop table if exists coupon_issue cascade 
1775274858116|0|statement|connection 87|url jdbc:h2:mem:testdb|     drop table if exists payment cascade |     drop table if exists payment cascade 
1775274858116|0|statement|connection 87|url jdbc:h2:mem:testdb|     drop table if exists payment_compensation_outbox cascade |     drop table if exists payment_compensation_outbox cascade 
1775274858116|0|statement|connection 87|url jdbc:h2:mem:testdb|     drop table if exists refresh_token cascade |     drop table if exists refresh_token cascade 
1775274858116|0|statement|connection 87|url jdbc:h2:mem:testdb|     drop table if exists users cascade |     drop table if exists users cascade 
1775274858121|0|statement|connection 88|url jdbc:h2:mem:testdb|     drop table if exists booking cascade |     drop table if exists booking cascade 
1775274858121|0|statement|connection 88|url jdbc:h2:mem:testdb|     drop table if exists concert cascade |     drop table if exists concert cascade 
1775274858121|0|statement|connection 88|url jdbc:h2:mem:testdb|     drop table if exists coupon cascade |     drop table if exists coupon cascade 
1775274858122|0|statement|connection 88|url jdbc:h2:mem:testdb|     drop table if exists coupon_issue cascade |     drop table if exists coupon_issue cascade 
1775274858122|0|statement|connection 88|url jdbc:h2:mem:testdb|     drop table if exists payment cascade |     drop table if exists payment cascade 
1775274858122|0|statement|connection 88|url jdbc:h2:mem:testdb|     drop table if exists payment_compensation_outbox cascade |     drop table if exists payment_compensation_outbox cascade 
1775274858122|0|statement|connection 88|url jdbc:h2:mem:testdb|     drop table if exists refresh_token cascade |     drop table if exists refresh_token cascade 
1775274858122|0|statement|connection 88|url jdbc:h2:mem:testdb|     drop table if exists users cascade |     drop table if exists users cascade 
1775274912261|0|statement|connection 50|url jdbc:h2:mem:testdb|     drop table if exists booking cascade |     drop table if exists booking cascade 
1775274912262|0|statement|connection 50|url jdbc:h2:mem:testdb|     drop table if exists concert cascade |     drop table if exists concert cascade 
1775274912262|0|statement|connection 50|url jdbc:h2:mem:testdb|     drop table if exists coupon cascade |     drop table if exists coupon cascade 
1775274912262|0|statement|connection 50|url jdbc:h2:mem:testdb|     drop table if exists coupon_issue cascade |     drop table if exists coupon_issue cascade 
1775274912262|0|statement|connection 50|url jdbc:h2:mem:testdb|     drop table if exists payment cascade |     drop table if exists payment cascade 
1775274912262|0|statement|connection 50|url jdbc:h2:mem:testdb|     drop table if exists payment_compensation_outbox cascade |     drop table if exists payment_compensation_outbox cascade 
1775274912262|0|statement|connection 50|url jdbc:h2:mem:testdb|     drop table if exists refresh_token cascade |     drop table if exists refresh_token cascade 
1775274912263|0|statement|connection 50|url jdbc:h2:mem:testdb|     drop table if exists users cascade |     drop table if exists users cascade 
1775274912268|0|statement|connection 51|url jdbc:h2:mem:testdb|     drop table if exists booking cascade |     drop table if exists booking cascade 
1775274912268|0|statement|connection 51|url jdbc:h2:mem:testdb|     drop table if exists concert cascade |     drop table if exists concert cascade 
1775274912268|0|statement|connection 51|url jdbc:h2:mem:testdb|     drop table if exists coupon cascade |     drop table if exists coupon cascade 
1775274912268|0|statement|connection 51|url jdbc:h2:mem:testdb|     drop table if exists coupon_issue cascade |     drop table if exists coupon_issue cascade 
1775274912268|0|statement|connection 51|url jdbc:h2:mem:testdb|     drop table if exists payment cascade |     drop table if exists payment cascade 
1775274912268|0|statement|connection 51|url jdbc:h2:mem:testdb|     drop table if exists payment_compensation_outbox cascade |     drop table if exists payment_compensation_outbox cascade 
1775274912268|0|statement|connection 51|url jdbc:h2:mem:testdb|     drop table if exists refresh_token cascade |     drop table if exists refresh_token cascade 
1775274912268|0|statement|connection 51|url jdbc:h2:mem:testdb|     drop table if exists users cascade |     drop table if exists users cascade 
1775275030592|0|statement|connection 84|url jdbc:h2:mem:testdb|     drop table if exists booking cascade |     drop table if exists booking cascade 
1775275030599|0|statement|connection 84|url jdbc:h2:mem:testdb|     drop table if exists concert cascade |     drop table if exists concert cascade 
1775275030600|0|statement|connection 84|url jdbc:h2:mem:testdb|     drop table if exists coupon cascade |     drop table if exists coupon cascade 
1775275030600|0|statement|connection 84|url jdbc:h2:mem:testdb|     drop table if exists coupon_issue cascade |     drop table if exists coupon_issue cascade 
1775275030600|0|statement|connection 84|url jdbc:h2:mem:testdb|     drop table if exists payment cascade |     drop table if exists payment cascade 
1775275030600|0|statement|connection 84|url jdbc:h2:mem:testdb|     drop table if exists payment_compensation_outbox cascade |     drop table if exists payment_compensation_outbox cascade 
1775275030601|0|statement|connection 84|url jdbc:h2:mem:testdb|     drop table if exists refresh_token cascade |     drop table if exists refresh_token cascade 
1775275030601|0|statement|connection 84|url jdbc:h2:mem:testdb|     drop table if exists users cascade |     drop table if exists users cascade 
1775275030646|0|statement|connection 85|url jdbc:h2:mem:testdb|     drop table if exists booking cascade |     drop table if exists booking cascade 
1775275030647|0|statement|connection 85|url jdbc:h2:mem:testdb|     drop table if exists concert cascade |     drop table if exists concert cascade 
1775275030647|0|statement|connection 85|url jdbc:h2:mem:testdb|     drop table if exists coupon cascade |     drop table if exists coupon cascade 
1775275030648|0|statement|connection 85|url jdbc:h2:mem:testdb|     drop table if exists coupon_issue cascade |     drop table if exists coupon_issue cascade 
1775275030648|0|statement|connection 85|url jdbc:h2:mem:testdb|     drop table if exists payment cascade |     drop table if exists payment cascade 
1775275030648|0|statement|connection 85|url jdbc:h2:mem:testdb|     drop table if exists payment_compensation_outbox cascade |     drop table if exists payment_compensation_outbox cascade 
1775275030648|0|statement|connection 85|url jdbc:h2:mem:testdb|     drop table if exists refresh_token cascade |     drop table if exists refresh_token cascade 
1775275030648|0|statement|connection 85|url jdbc:h2:mem:testdb|     drop table if exists users cascade |     drop table if exists users cascade 
1775275030679|0|statement|connection 86|url jdbc:h2:mem:testdb|     drop table if exists booking cascade |     drop table if exists booking cascade 
1775275030680|0|statement|connection 86|url jdbc:h2:mem:testdb|     drop table if exists concert cascade |     drop table if exists concert cascade 
1775275030681|0|statement|connection 86|url jdbc:h2:mem:testdb|     drop table if exists coupon cascade |     drop table if exists coupon cascade 
1775275030681|0|statement|connection 86|url jdbc:h2:mem:testdb|     drop table if exists coupon_issue cascade |     drop table if exists coupon_issue cascade 
1775275030681|0|statement|connection 86|url jdbc:h2:mem:testdb|     drop table if exists payment cascade |     drop table if exists payment cascade 
1775275030682|0|statement|connection 86|url jdbc:h2:mem:testdb|     drop table if exists payment_compensation_outbox cascade |     drop table if exists payment_compensation_outbox cascade 
1775275030682|0|statement|connection 86|url jdbc:h2:mem:testdb|     drop table if exists refresh_token cascade |     drop table if exists refresh_token cascade 
1775275030682|0|statement|connection 86|url jdbc:h2:mem:testdb|     drop table if exists users cascade |     drop table if exists users cascade 
1775275030693|0|statement|connection 87|url jdbc:h2:mem:testdb|     drop table if exists booking cascade |     drop table if exists booking cascade 
1775275030694|0|statement|connection 87|url jdbc:h2:mem:testdb|     drop table if exists concert cascade |     drop table if exists concert cascade 
1775275030694|0|statement|connection 87|url jdbc:h2:mem:testdb|     drop table if exists coupon cascade |     drop table if exists coupon cascade 
1775275030694|0|statement|connection 87|url jdbc:h2:mem:testdb|     drop table if exists coupon_issue cascade |     drop table if exists coupon_issue cascade 
1775275030694|0|statement|connection 87|url jdbc:h2:mem:testdb|     drop table if exists payment cascade |     drop table if exists payment cascade 
1775275030694|0|statement|connection 87|url jdbc:h2:mem:testdb|     drop table if exists payment_compensation_outbox cascade |     drop table if exists payment_compensation_outbox cascade 
1775275030694|0|statement|connection 87|url jdbc:h2:mem:testdb|     drop table if exists refresh_token cascade |     drop table if exists refresh_token cascade 
1775275030694|0|statement|connection 87|url jdbc:h2:mem:testdb|     drop table if exists users cascade |     drop table if exists users cascade 
1775275030711|0|statement|connection 88|url jdbc:h2:mem:testdb|     drop table if exists booking cascade |     drop table if exists booking cascade 
1775275030711|0|statement|connection 88|url jdbc:h2:mem:testdb|     drop table if exists concert cascade |     drop table if exists concert cascade 
1775275030711|0|statement|connection 88|url jdbc:h2:mem:testdb|     drop table if exists coupon cascade |     drop table if exists coupon cascade 
1775275030711|0|statement|connection 88|url jdbc:h2:mem:testdb|     drop table if exists coupon_issue cascade |     drop table if exists coupon_issue cascade 
1775275030711|0|statement|connection 88|url jdbc:h2:mem:testdb|     drop table if exists payment cascade |     drop table if exists payment cascade 
1775275030711|0|statement|connection 88|url jdbc:h2:mem:testdb|     drop table if exists payment_compensation_outbox cascade |     drop table if exists payment_compensation_outbox cascade 
1775275030711|0|statement|connection 88|url jdbc:h2:mem:testdb|     drop table if exists refresh_token cascade |     drop table if exists refresh_token cascade 
1775275030711|0|statement|connection 88|url jdbc:h2:mem:testdb|     drop table if exists users cascade |     drop table if exists users cascade 
1775275052702|0|statement|connection 84|url jdbc:h2:mem:testdb|     drop table if exists booking cascade |     drop table if exists booking cascade 
1775275052703|0|statement|connection 84|url jdbc:h2:mem:testdb|     drop table if exists concert cascade |     drop table if exists concert cascade 
1775275052703|0|statement|connection 84|url jdbc:h2:mem:testdb|     drop table if exists coupon cascade |     drop table if exists coupon cascade 
1775275052703|0|statement|connection 84|url jdbc:h2:mem:testdb|     drop table if exists coupon_issue cascade |     drop table if exists coupon_issue cascade 
1775275052703|0|statement|connection 84|url jdbc:h2:mem:testdb|     drop table if exists payment cascade |     drop table if exists payment cascade 
1775275052703|0|statement|connection 84|url jdbc:h2:mem:testdb|     drop table if exists payment_compensation_outbox cascade |     drop table if exists payment_compensation_outbox cascade 
1775275052703|0|statement|connection 84|url jdbc:h2:mem:testdb|     drop table if exists refresh_token cascade |     drop table if exists refresh_token cascade 
1775275052703|0|statement|connection 84|url jdbc:h2:mem:testdb|     drop table if exists users cascade |     drop table if exists users cascade 
1775275052711|0|statement|connection 85|url jdbc:h2:mem:testdb|     drop table if exists booking cascade |     drop table if exists booking cascade 
1775275052711|0|statement|connection 85|url jdbc:h2:mem:testdb|     drop table if exists concert cascade |     drop table if exists concert cascade 
1775275052711|0|statement|connection 85|url jdbc:h2:mem:testdb|     drop table if exists coupon cascade |     drop table if exists coupon cascade 
1775275052711|0|statement|connection 85|url jdbc:h2:mem:testdb|     drop table if exists coupon_issue cascade |     drop table if exists coupon_issue cascade 
1775275052711|0|statement|connection 85|url jdbc:h2:mem:testdb|     drop table if exists payment cascade |     drop table if exists payment cascade 
1775275052711|0|statement|connection 85|url jdbc:h2:mem:testdb|     drop table if exists payment_compensation_outbox cascade |     drop table if exists payment_compensation_outbox cascade 
1775275052711|0|statement|connection 85|url jdbc:h2:mem:testdb|     drop table if exists refresh_token cascade |     drop table if exists refresh_token cascade 
1775275052711|0|statement|connection 85|url jdbc:h2:mem:testdb|     drop table if exists users cascade |     drop table if exists users cascade 
1775275052717|0|statement|connection 86|url jdbc:h2:mem:testdb|     drop table if exists booking cascade |     drop table if exists booking cascade 
1775275052717|0|statement|connection 86|url jdbc:h2:mem:testdb|     drop table if exists concert cascade |     drop table if exists concert cascade 
1775275052717|0|statement|connection 86|url jdbc:h2:mem:testdb|     drop table if exists coupon cascade |     drop table if exists coupon cascade 
1775275052718|0|statement|connection 86|url jdbc:h2:mem:testdb|     drop table if exists coupon_issue cascade |     drop table if exists coupon_issue cascade 
1775275052718|0|statement|connection 86|url jdbc:h2:mem:testdb|     drop table if exists payment cascade |     drop table if exists payment cascade 
1775275052718|0|statement|connection 86|url jdbc:h2:mem:testdb|     drop table if exists payment_compensation_outbox cascade |     drop table if exists payment_compensation_outbox cascade 
1775275052718|0|statement|connection 86|url jdbc:h2:mem:testdb|     drop table if exists refresh_token cascade |     drop table if exists refresh_token cascade 
1775275052718|0|statement|connection 86|url jdbc:h2:mem:testdb|     drop table if exists users cascade |     drop table if exists users cascade 
1775275052723|0|statement|connection 87|url jdbc:h2:mem:testdb|     drop table if exists booking cascade |     drop table if exists booking cascade 
1775275052723|0|statement|connection 87|url jdbc:h2:mem:testdb|     drop table if exists concert cascade |     drop table if exists concert cascade 
1775275052724|0|statement|connection 87|url jdbc:h2:mem:testdb|     drop table if exists coupon cascade |     drop table if exists coupon cascade 
1775275052724|0|statement|connection 87|url jdbc:h2:mem:testdb|     drop table if exists coupon_issue cascade |     drop table if exists coupon_issue cascade 
1775275052724|0|statement|connection 87|url jdbc:h2:mem:testdb|     drop table if exists payment cascade |     drop table if exists payment cascade 
1775275052724|0|statement|connection 87|url jdbc:h2:mem:testdb|     drop table if exists payment_compensation_outbox cascade |     drop table if exists payment_compensation_outbox cascade 
1775275052724|0|statement|connection 87|url jdbc:h2:mem:testdb|     drop table if exists refresh_token cascade |     drop table if exists refresh_token cascade 
1775275052724|0|statement|connection 87|url jdbc:h2:mem:testdb|     drop table if exists users cascade |     drop table if exists users cascade 
1775275052730|0|statement|connection 88|url jdbc:h2:mem:testdb|     drop table if exists booking cascade |     drop table if exists booking cascade 
1775275052731|0|statement|connection 88|url jdbc:h2:mem:testdb|     drop table if exists concert cascade |     drop table if exists concert cascade 
1775275052731|0|statement|connection 88|url jdbc:h2:mem:testdb|     drop table if exists coupon cascade |     drop table if exists coupon cascade 
1775275052731|0|statement|connection 88|url jdbc:h2:mem:testdb|     drop table if exists coupon_issue cascade |     drop table if exists coupon_issue cascade 
1775275052731|0|statement|connection 88|url jdbc:h2:mem:testdb|     drop table if exists payment cascade |     drop table if exists payment cascade 
1775275052731|0|statement|connection 88|url jdbc:h2:mem:testdb|     drop table if exists payment_compensation_outbox cascade |     drop table if exists payment_compensation_outbox cascade 
1775275052731|0|statement|connection 88|url jdbc:h2:mem:testdb|     drop table if exists refresh_token cascade |     drop table if exists refresh_token cascade 
1775275052731|0|statement|connection 88|url jdbc:h2:mem:testdb|     drop table if exists users cascade |     drop table if exists users cascade 
1775275080326|0|statement|connection 84|url jdbc:h2:mem:testdb|     drop table if exists booking cascade |     drop table if exists booking cascade 
1775275080326|0|statement|connection 84|url jdbc:h2:mem:testdb|     drop table if exists concert cascade |     drop table if exists concert cascade 
1775275080326|0|statement|connection 84|url jdbc:h2:mem:testdb|     drop table if exists coupon cascade |     drop table if exists coupon cascade 
1775275080326|0|statement|connection 84|url jdbc:h2:mem:testdb|     drop table if exists coupon_issue cascade |     drop table if exists coupon_issue cascade 
1775275080327|0|statement|connection 84|url jdbc:h2:mem:testdb|     drop table if exists payment cascade |     drop table if exists payment cascade 
1775275080327|0|statement|connection 84|url jdbc:h2:mem:testdb|     drop table if exists payment_compensation_outbox cascade |     drop table if exists payment_compensation_outbox cascade 
1775275080327|0|statement|connection 84|url jdbc:h2:mem:testdb|     drop table if exists refresh_token cascade |     drop table if exists refresh_token cascade 
1775275080327|0|statement|connection 84|url jdbc:h2:mem:testdb|     drop table if exists users cascade |     drop table if exists users cascade 
1775275080334|0|statement|connection 85|url jdbc:h2:mem:testdb|     drop table if exists booking cascade |     drop table if exists booking cascade 
1775275080334|0|statement|connection 85|url jdbc:h2:mem:testdb|     drop table if exists concert cascade |     drop table if exists concert cascade 
1775275080334|0|statement|connection 85|url jdbc:h2:mem:testdb|     drop table if exists coupon cascade |     drop table if exists coupon cascade 
1775275080334|0|statement|connection 85|url jdbc:h2:mem:testdb|     drop table if exists coupon_issue cascade |     drop table if exists coupon_issue cascade 
1775275080335|0|statement|connection 85|url jdbc:h2:mem:testdb|     drop table if exists payment cascade |     drop table if exists payment cascade 
1775275080335|0|statement|connection 85|url jdbc:h2:mem:testdb|     drop table if exists payment_compensation_outbox cascade |     drop table if exists payment_compensation_outbox cascade 
1775275080335|0|statement|connection 85|url jdbc:h2:mem:testdb|     drop table if exists refresh_token cascade |     drop table if exists refresh_token cascade 
1775275080335|0|statement|connection 85|url jdbc:h2:mem:testdb|     drop table if exists users cascade |     drop table if exists users cascade 
1775275080340|0|statement|connection 86|url jdbc:h2:mem:testdb|     drop table if exists booking cascade |     drop table if exists booking cascade 
1775275080340|0|statement|connection 86|url jdbc:h2:mem:testdb|     drop table if exists concert cascade |     drop table if exists concert cascade 
1775275080341|0|statement|connection 86|url jdbc:h2:mem:testdb|     drop table if exists coupon cascade |     drop table if exists coupon cascade 
1775275080341|0|statement|connection 86|url jdbc:h2:mem:testdb|     drop table if exists coupon_issue cascade |     drop table if exists coupon_issue cascade 
1775275080348|0|statement|connection 86|url jdbc:h2:mem:testdb|     drop table if exists payment cascade |     drop table if exists payment cascade 
1775275080349|0|statement|connection 86|url jdbc:h2:mem:testdb|     drop table if exists payment_compensation_outbox cascade |     drop table if exists payment_compensation_outbox cascade 
1775275080349|0|statement|connection 86|url jdbc:h2:mem:testdb|     drop table if exists refresh_token cascade |     drop table if exists refresh_token cascade 
1775275080349|0|statement|connection 86|url jdbc:h2:mem:testdb|     drop table if exists users cascade |     drop table if exists users cascade 
1775275080354|0|statement|connection 87|url jdbc:h2:mem:testdb|     drop table if exists booking cascade |     drop table if exists booking cascade 
1775275080354|0|statement|connection 87|url jdbc:h2:mem:testdb|     drop table if exists concert cascade |     drop table if exists concert cascade 
1775275080354|0|statement|connection 87|url jdbc:h2:mem:testdb|     drop table if exists coupon cascade |     drop table if exists coupon cascade 
1775275080355|0|statement|connection 87|url jdbc:h2:mem:testdb|     drop table if exists coupon_issue cascade |     drop table if exists coupon_issue cascade 
1775275080355|0|statement|connection 87|url jdbc:h2:mem:testdb|     drop table if exists payment cascade |     drop table if exists payment cascade 
1775275080355|0|statement|connection 87|url jdbc:h2:mem:testdb|     drop table if exists payment_compensation_outbox cascade |     drop table if exists payment_compensation_outbox cascade 
1775275080355|0|statement|connection 87|url jdbc:h2:mem:testdb|     drop table if exists refresh_token cascade |     drop table if exists refresh_token cascade 
1775275080355|0|statement|connection 87|url jdbc:h2:mem:testdb|     drop table if exists users cascade |     drop table if exists users cascade 
1775275080361|0|statement|connection 88|url jdbc:h2:mem:testdb|     drop table if exists booking cascade |     drop table if exists booking cascade 
1775275080361|0|statement|connection 88|url jdbc:h2:mem:testdb|     drop table if exists concert cascade |     drop table if exists concert cascade 
1775275080361|0|statement|connection 88|url jdbc:h2:mem:testdb|     drop table if exists coupon cascade |     drop table if exists coupon cascade 
1775275080361|0|statement|connection 88|url jdbc:h2:mem:testdb|     drop table if exists coupon_issue cascade |     drop table if exists coupon_issue cascade 
1775275080361|0|statement|connection 88|url jdbc:h2:mem:testdb|     drop table if exists payment cascade |     drop table if exists payment cascade 
1775275080361|0|statement|connection 88|url jdbc:h2:mem:testdb|     drop table if exists payment_compensation_outbox cascade |     drop table if exists payment_compensation_outbox cascade 
1775275080361|0|statement|connection 88|url jdbc:h2:mem:testdb|     drop table if exists refresh_token cascade |     drop table if exists refresh_token cascade 
1775275080362|0|statement|connection 88|url jdbc:h2:mem:testdb|     drop table if exists users cascade |     drop table if exists users cascade 
1775275743885|0|statement|connection 153|url jdbc:h2:mem:testdb|     drop table if exists booking cascade |     drop table if exists booking cascade 
1775275743886|0|statement|connection 153|url jdbc:h2:mem:testdb|     drop table if exists concert cascade |     drop table if exists concert cascade 
1775275743886|0|statement|connection 153|url jdbc:h2:mem:testdb|     drop table if exists coupon cascade |     drop table if exists coupon cascade 
1775275743887|0|statement|connection 153|url jdbc:h2:mem:testdb|     drop table if exists coupon_issue cascade |     drop table if exists coupon_issue cascade 
1775275743887|0|statement|connection 153|url jdbc:h2:mem:testdb|     drop table if exists payment cascade |     drop table if exists payment cascade 
1775275743887|0|statement|connection 153|url jdbc:h2:mem:testdb|     drop table if exists payment_compensation_outbox cascade |     drop table if exists payment_compensation_outbox cascade 
1775275743887|0|statement|connection 153|url jdbc:h2:mem:testdb|     drop table if exists refresh_token cascade |     drop table if exists refresh_token cascade 
1775275743887|0|statement|connection 153|url jdbc:h2:mem:testdb|     drop table if exists users cascade |     drop table if exists users cascade 
1775275896230|0|statement|connection 153|url jdbc:h2:mem:testdb|     drop table if exists booking cascade |     drop table if exists booking cascade 
1775275896231|0|statement|connection 153|url jdbc:h2:mem:testdb|     drop table if exists concert cascade |     drop table if exists concert cascade 
1775275896231|0|statement|connection 153|url jdbc:h2:mem:testdb|     drop table if exists coupon cascade |     drop table if exists coupon cascade 
1775275896232|0|statement|connection 153|url jdbc:h2:mem:testdb|     drop table if exists coupon_issue cascade |     drop table if exists coupon_issue cascade 
1775275896232|0|statement|connection 153|url jdbc:h2:mem:testdb|     drop table if exists payment cascade |     drop table if exists payment cascade 
1775275896232|0|statement|connection 153|url jdbc:h2:mem:testdb|     drop table if exists payment_compensation_outbox cascade |     drop table if exists payment_compensation_outbox cascade 
1775275896232|0|statement|connection 153|url jdbc:h2:mem:testdb|     drop table if exists refresh_token cascade |     drop table if exists refresh_token cascade 
1775275896232|0|statement|connection 153|url jdbc:h2:mem:testdb|     drop table if exists users cascade |     drop table if exists users cascade 
1775550032419|21|statement|connection 103|url jdbc:mysql://localhost:55897/blog_test|     alter table booking         drop         foreign key FKfd8akbanj9qwf0130goqumjvd|     alter table booking         drop         foreign key FKfd8akbanj9qwf0130goqumjvd
1775550032427|7|statement|connection 103|url jdbc:mysql://localhost:55897/blog_test|     alter table coupon_issue         drop         foreign key FKaxdtc4pg7dy7rmvkvqxdag9jn|     alter table coupon_issue         drop         foreign key FKaxdtc4pg7dy7rmvkvqxdag9jn
1775550032439|11|statement|connection 103|url jdbc:mysql://localhost:55897/blog_test|     alter table payment         drop         foreign key FKqewrl4xrv9eiad6eab3aoja65|     alter table payment         drop         foreign key FKqewrl4xrv9eiad6eab3aoja65
1775550032447|7|statement|connection 103|url jdbc:mysql://localhost:55897/blog_test|     drop table if exists booking|     drop table if exists booking
1775550032453|5|statement|connection 103|url jdbc:mysql://localhost:55897/blog_test|     drop table if exists concert|     drop table if exists concert
1775550032464|11|statement|connection 103|url jdbc:mysql://localhost:55897/blog_test|     drop table if exists coupon|     drop table if exists coupon
1775550032473|8|statement|connection 103|url jdbc:mysql://localhost:55897/blog_test|     drop table if exists coupon_issue|     drop table if exists coupon_issue
1775550032480|7|statement|connection 103|url jdbc:mysql://localhost:55897/blog_test|     drop table if exists payment|     drop table if exists payment
1775550032487|6|statement|connection 103|url jdbc:mysql://localhost:55897/blog_test|     drop table if exists payment_compensation_outbox|     drop table if exists payment_compensation_outbox
1775550032494|6|statement|connection 103|url jdbc:mysql://localhost:55897/blog_test|     drop table if exists refresh_token|     drop table if exists refresh_token
1775550032501|6|statement|connection 103|url jdbc:mysql://localhost:55897/blog_test|     drop table if exists users|     drop table if exists users
1775550084745|1|statement|connection 114|url jdbc:h2:mem:40dbd21b-d02c-4779-830c-b48bf0eeb401|     drop table if exists booking cascade |     drop table if exists booking cascade 
1775550084746|0|statement|connection 114|url jdbc:h2:mem:40dbd21b-d02c-4779-830c-b48bf0eeb401|     drop table if exists concert cascade |     drop table if exists concert cascade 
1775550084747|0|statement|connection 114|url jdbc:h2:mem:40dbd21b-d02c-4779-830c-b48bf0eeb401|     drop table if exists coupon cascade |     drop table if exists coupon cascade 
1775550084747|0|statement|connection 114|url jdbc:h2:mem:40dbd21b-d02c-4779-830c-b48bf0eeb401|     drop table if exists coupon_issue cascade |     drop table if exists coupon_issue cascade 
1775550084748|0|statement|connection 114|url jdbc:h2:mem:40dbd21b-d02c-4779-830c-b48bf0eeb401|     drop table if exists payment cascade |     drop table if exists payment cascade 
1775550084748|0|statement|connection 114|url jdbc:h2:mem:40dbd21b-d02c-4779-830c-b48bf0eeb401|     drop table if exists payment_compensation_outbox cascade |     drop table if exists payment_compensation_outbox cascade 
1775550084748|0|statement|connection 114|url jdbc:h2:mem:40dbd21b-d02c-4779-830c-b48bf0eeb401|     drop table if exists refresh_token cascade |     drop table if exists refresh_token cascade 
1775550084749|0|statement|connection 114|url jdbc:h2:mem:40dbd21b-d02c-4779-830c-b48bf0eeb401|     drop table if exists users cascade |     drop table if exists users cascade 
1775550084780|19|statement|connection 115|url jdbc:mysql://localhost:56221/blog_test|     alter table booking         drop         foreign key FKfd8akbanj9qwf0130goqumjvd|     alter table booking         drop         foreign key FKfd8akbanj9qwf0130goqumjvd
1775550084791|10|statement|connection 115|url jdbc:mysql://localhost:56221/blog_test|     alter table coupon_issue         drop         foreign key FKaxdtc4pg7dy7rmvkvqxdag9jn|     alter table coupon_issue         drop         foreign key FKaxdtc4pg7dy7rmvkvqxdag9jn
1775550084801|9|statement|connection 115|url jdbc:mysql://localhost:56221/blog_test|     alter table payment         drop         foreign key FKqewrl4xrv9eiad6eab3aoja65|     alter table payment         drop         foreign key FKqewrl4xrv9eiad6eab3aoja65
1775550084808|6|statement|connection 115|url jdbc:mysql://localhost:56221/blog_test|     drop table if exists booking|     drop table if exists booking
1775550084813|5|statement|connection 115|url jdbc:mysql://localhost:56221/blog_test|     drop table if exists concert|     drop table if exists concert
1775550084818|5|statement|connection 115|url jdbc:mysql://localhost:56221/blog_test|     drop table if exists coupon|     drop table if exists coupon
1775550084824|5|statement|connection 115|url jdbc:mysql://localhost:56221/blog_test|     drop table if exists coupon_issue|     drop table if exists coupon_issue
1775550084831|6|statement|connection 115|url jdbc:mysql://localhost:56221/blog_test|     drop table if exists payment|     drop table if exists payment
1775550084838|7|statement|connection 115|url jdbc:mysql://localhost:56221/blog_test|     drop table if exists payment_compensation_outbox|     drop table if exists payment_compensation_outbox
1775550084843|4|statement|connection 115|url jdbc:mysql://localhost:56221/blog_test|     drop table if exists refresh_token|     drop table if exists refresh_token
1775550084850|6|statement|connection 115|url jdbc:mysql://localhost:56221/blog_test|     drop table if exists users|     drop table if exists users
1775836732026|0|statement|connection 425|url jdbc:h2:mem:f7f0ce6d-d261-446c-a626-6765eadeea73|     drop table if exists booking cascade |     drop table if exists booking cascade 
1775836732026|0|statement|connection 425|url jdbc:h2:mem:f7f0ce6d-d261-446c-a626-6765eadeea73|     drop table if exists concert cascade |     drop table if exists concert cascade 
1775836732027|0|statement|connection 425|url jdbc:h2:mem:f7f0ce6d-d261-446c-a626-6765eadeea73|     drop table if exists coupon cascade |     drop table if exists coupon cascade 
1775836732027|0|statement|connection 425|url jdbc:h2:mem:f7f0ce6d-d261-446c-a626-6765eadeea73|     drop table if exists coupon_issue cascade |     drop table if exists coupon_issue cascade 
1775836732027|0|statement|connection 425|url jdbc:h2:mem:f7f0ce6d-d261-446c-a626-6765eadeea73|     drop table if exists payment cascade |     drop table if exists payment cascade 
1775836732028|0|statement|connection 425|url jdbc:h2:mem:f7f0ce6d-d261-446c-a626-6765eadeea73|     drop table if exists payment_compensation_outbox cascade |     drop table if exists payment_compensation_outbox cascade 
1775836732028|0|statement|connection 425|url jdbc:h2:mem:f7f0ce6d-d261-446c-a626-6765eadeea73|     drop table if exists refresh_token cascade |     drop table if exists refresh_token cascade 
1775836732028|0|statement|connection 425|url jdbc:h2:mem:f7f0ce6d-d261-446c-a626-6765eadeea73|     drop table if exists users cascade |     drop table if exists users cascade 
1775836732039|1|statement|connection 426|url jdbc:h2:mem:afa496b8-25fc-4abb-9466-32066c91dc7e|     drop table if exists booking cascade |     drop table if exists booking cascade 
1775836732040|0|statement|connection 426|url jdbc:h2:mem:afa496b8-25fc-4abb-9466-32066c91dc7e|     drop table if exists concert cascade |     drop table if exists concert cascade 
1775836732040|0|statement|connection 426|url jdbc:h2:mem:afa496b8-25fc-4abb-9466-32066c91dc7e|     drop table if exists coupon cascade |     drop table if exists coupon cascade 
1775836732041|0|statement|connection 426|url jdbc:h2:mem:afa496b8-25fc-4abb-9466-32066c91dc7e|     drop table if exists coupon_issue cascade |     drop table if exists coupon_issue cascade 
1775836732041|0|statement|connection 426|url jdbc:h2:mem:afa496b8-25fc-4abb-9466-32066c91dc7e|     drop table if exists payment cascade |     drop table if exists payment cascade 
1775836732041|0|statement|connection 426|url jdbc:h2:mem:afa496b8-25fc-4abb-9466-32066c91dc7e|     drop table if exists payment_compensation_outbox cascade |     drop table if exists payment_compensation_outbox cascade 
1775836732041|0|statement|connection 426|url jdbc:h2:mem:afa496b8-25fc-4abb-9466-32066c91dc7e|     drop table if exists refresh_token cascade |     drop table if exists refresh_token cascade 
1775836732041|0|statement|connection 426|url jdbc:h2:mem:afa496b8-25fc-4abb-9466-32066c91dc7e|     drop table if exists users cascade |     drop table if exists users cascade 
1775836732108|27|statement|connection 427|url jdbc:mysql://localhost:63074/blog_test|     alter table booking         drop         foreign key FKfd8akbanj9qwf0130goqumjvd|     alter table booking         drop         foreign key FKfd8akbanj9qwf0130goqumjvd
1775836732121|11|statement|connection 427|url jdbc:mysql://localhost:63074/blog_test|     alter table coupon_issue         drop         foreign key FKaxdtc4pg7dy7rmvkvqxdag9jn|     alter table coupon_issue         drop         foreign key FKaxdtc4pg7dy7rmvkvqxdag9jn
1775836732136|14|statement|connection 427|url jdbc:mysql://localhost:63074/blog_test|     alter table payment         drop         foreign key FKqewrl4xrv9eiad6eab3aoja65|     alter table payment         drop         foreign key FKqewrl4xrv9eiad6eab3aoja65
1775836732155|18|statement|connection 427|url jdbc:mysql://localhost:63074/blog_test|     drop table if exists booking|     drop table if exists booking
1775836732173|17|statement|connection 427|url jdbc:mysql://localhost:63074/blog_test|     drop table if exists concert|     drop table if exists concert
1775836732187|13|statement|connection 427|url jdbc:mysql://localhost:63074/blog_test|     drop table if exists coupon|     drop table if exists coupon
1775836732204|16|statement|connection 427|url jdbc:mysql://localhost:63074/blog_test|     drop table if exists coupon_issue|     drop table if exists coupon_issue
1775836732216|12|statement|connection 427|url jdbc:mysql://localhost:63074/blog_test|     drop table if exists payment|     drop table if exists payment
1775836732226|9|statement|connection 427|url jdbc:mysql://localhost:63074/blog_test|     drop table if exists payment_compensation_outbox|     drop table if exists payment_compensation_outbox
1775836732235|8|statement|connection 427|url jdbc:mysql://localhost:63074/blog_test|     drop table if exists refresh_token|     drop table if exists refresh_token
1775836732247|11|statement|connection 427|url jdbc:mysql://localhost:63074/blog_test|     drop table if exists users|     drop table if exists users
1775836732266|3|statement|connection 428|url jdbc:mysql://localhost:63074/blog_test|     alter table booking         drop         foreign key FKfd8akbanj9qwf0130goqumjvd|     alter table booking         drop         foreign key FKfd8akbanj9qwf0130goqumjvd
1775836732268|1|statement|connection 428|url jdbc:mysql://localhost:63074/blog_test|     alter table coupon_issue         drop         foreign key FKaxdtc4pg7dy7rmvkvqxdag9jn|     alter table coupon_issue         drop         foreign key FKaxdtc4pg7dy7rmvkvqxdag9jn
1775836732271|2|statement|connection 428|url jdbc:mysql://localhost:63074/blog_test|     alter table payment         drop         foreign key FKqewrl4xrv9eiad6eab3aoja65|     alter table payment         drop         foreign key FKqewrl4xrv9eiad6eab3aoja65
1775836732274|3|statement|connection 428|url jdbc:mysql://localhost:63074/blog_test|     drop table if exists booking|     drop table if exists booking
1775836732279|3|statement|connection 428|url jdbc:mysql://localhost:63074/blog_test|     drop table if exists concert|     drop table if exists concert
1775836732282|2|statement|connection 428|url jdbc:mysql://localhost:63074/blog_test|     drop table if exists coupon|     drop table if exists coupon
1775836732285|2|statement|connection 428|url jdbc:mysql://localhost:63074/blog_test|     drop table if exists coupon_issue|     drop table if exists coupon_issue
1775836732288|2|statement|connection 428|url jdbc:mysql://localhost:63074/blog_test|     drop table if exists payment|     drop table if exists payment
1775836732291|2|statement|connection 428|url jdbc:mysql://localhost:63074/blog_test|     drop table if exists payment_compensation_outbox|     drop table if exists payment_compensation_outbox
1775836732294|2|statement|connection 428|url jdbc:mysql://localhost:63074/blog_test|     drop table if exists refresh_token|     drop table if exists refresh_token
1775836732296|2|statement|connection 428|url jdbc:mysql://localhost:63074/blog_test|     drop table if exists users|     drop table if exists users
1775836732306|0|statement|connection 429|url jdbc:h2:mem:09a90901-7e5f-4d28-acf2-c7363b9a25b6|     drop table if exists booking cascade |     drop table if exists booking cascade 
1775836732306|0|statement|connection 429|url jdbc:h2:mem:09a90901-7e5f-4d28-acf2-c7363b9a25b6|     drop table if exists concert cascade |     drop table if exists concert cascade 
1775836732306|0|statement|connection 429|url jdbc:h2:mem:09a90901-7e5f-4d28-acf2-c7363b9a25b6|     drop table if exists coupon cascade |     drop table if exists coupon cascade 
1775836732306|0|statement|connection 429|url jdbc:h2:mem:09a90901-7e5f-4d28-acf2-c7363b9a25b6|     drop table if exists coupon_issue cascade |     drop table if exists coupon_issue cascade 
1775836732307|0|statement|connection 429|url jdbc:h2:mem:09a90901-7e5f-4d28-acf2-c7363b9a25b6|     drop table if exists payment cascade |     drop table if exists payment cascade 
1775836732307|0|statement|connection 429|url jdbc:h2:mem:09a90901-7e5f-4d28-acf2-c7363b9a25b6|     drop table if exists payment_compensation_outbox cascade |     drop table if exists payment_compensation_outbox cascade 
1775836732307|0|statement|connection 429|url jdbc:h2:mem:09a90901-7e5f-4d28-acf2-c7363b9a25b6|     drop table if exists refresh_token cascade |     drop table if exists refresh_token cascade 
1775836732307|0|statement|connection 429|url jdbc:h2:mem:09a90901-7e5f-4d28-acf2-c7363b9a25b6|     drop table if exists users cascade |     drop table if exists users cascade 
1775836732312|0|statement|connection 430|url jdbc:h2:mem:54265f21-77b8-4741-8bd6-4831eed08a87|     drop table if exists booking cascade |     drop table if exists booking cascade 
1775836732312|0|statement|connection 430|url jdbc:h2:mem:54265f21-77b8-4741-8bd6-4831eed08a87|     drop table if exists concert cascade |     drop table if exists concert cascade 
1775836732312|0|statement|connection 430|url jdbc:h2:mem:54265f21-77b8-4741-8bd6-4831eed08a87|     drop table if exists coupon cascade |     drop table if exists coupon cascade 
1775836732313|0|statement|connection 430|url jdbc:h2:mem:54265f21-77b8-4741-8bd6-4831eed08a87|     drop table if exists coupon_issue cascade |     drop table if exists coupon_issue cascade 
1775836732313|0|statement|connection 430|url jdbc:h2:mem:54265f21-77b8-4741-8bd6-4831eed08a87|     drop table if exists payment cascade |     drop table if exists payment cascade 
1775836732313|0|statement|connection 430|url jdbc:h2:mem:54265f21-77b8-4741-8bd6-4831eed08a87|     drop table if exists payment_compensation_outbox cascade |     drop table if exists payment_compensation_outbox cascade 
1775836732313|0|statement|connection 430|url jdbc:h2:mem:54265f21-77b8-4741-8bd6-4831eed08a87|     drop table if exists refresh_token cascade |     drop table if exists refresh_token cascade 
1775836732313|0|statement|connection 430|url jdbc:h2:mem:54265f21-77b8-4741-8bd6-4831eed08a87|     drop table if exists users cascade |     drop table if exists users cascade 
1775836732318|0|statement|connection 431|url jdbc:h2:mem:353a0735-5eff-42fc-873a-62e00af7277e|     drop table if exists booking cascade |     drop table if exists booking cascade 
1775836732318|0|statement|connection 431|url jdbc:h2:mem:353a0735-5eff-42fc-873a-62e00af7277e|     drop table if exists concert cascade |     drop table if exists concert cascade 
1775836732318|0|statement|connection 431|url jdbc:h2:mem:353a0735-5eff-42fc-873a-62e00af7277e|     drop table if exists coupon cascade |     drop table if exists coupon cascade 
1775836732318|0|statement|connection 431|url jdbc:h2:mem:353a0735-5eff-42fc-873a-62e00af7277e|     drop table if exists coupon_issue cascade |     drop table if exists coupon_issue cascade 
1775836732319|0|statement|connection 431|url jdbc:h2:mem:353a0735-5eff-42fc-873a-62e00af7277e|     drop table if exists payment cascade |     drop table if exists payment cascade 
1775836732319|0|statement|connection 431|url jdbc:h2:mem:353a0735-5eff-42fc-873a-62e00af7277e|     drop table if exists payment_compensation_outbox cascade |     drop table if exists payment_compensation_outbox cascade 
1775836732319|0|statement|connection 431|url jdbc:h2:mem:353a0735-5eff-42fc-873a-62e00af7277e|     drop table if exists refresh_token cascade |     drop table if exists refresh_token cascade 
1775836732319|0|statement|connection 431|url jdbc:h2:mem:353a0735-5eff-42fc-873a-62e00af7277e|     drop table if exists users cascade |     drop table if exists users cascade 
1775893431321|0|statement|connection 103|url jdbc:h2:mem:347312cc-6ebe-4635-b75f-07ea5ce36dc5|     drop table if exists booking cascade |     drop table if exists booking cascade 
1775893431322|0|statement|connection 103|url jdbc:h2:mem:347312cc-6ebe-4635-b75f-07ea5ce36dc5|     drop table if exists concert cascade |     drop table if exists concert cascade 
1775893431323|0|statement|connection 103|url jdbc:h2:mem:347312cc-6ebe-4635-b75f-07ea5ce36dc5|     drop table if exists coupon cascade |     drop table if exists coupon cascade 
1775893431323|0|statement|connection 103|url jdbc:h2:mem:347312cc-6ebe-4635-b75f-07ea5ce36dc5|     drop table if exists coupon_issue cascade |     drop table if exists coupon_issue cascade 
1775893431323|0|statement|connection 103|url jdbc:h2:mem:347312cc-6ebe-4635-b75f-07ea5ce36dc5|     drop table if exists payment cascade |     drop table if exists payment cascade 
1775893431323|0|statement|connection 103|url jdbc:h2:mem:347312cc-6ebe-4635-b75f-07ea5ce36dc5|     drop table if exists payment_compensation_outbox cascade |     drop table if exists payment_compensation_outbox cascade 
1775893431325|1|statement|connection 103|url jdbc:h2:mem:347312cc-6ebe-4635-b75f-07ea5ce36dc5|     drop table if exists refresh_token cascade |     drop table if exists refresh_token cascade 
1775893431325|0|statement|connection 103|url jdbc:h2:mem:347312cc-6ebe-4635-b75f-07ea5ce36dc5|     drop table if exists users cascade |     drop table if exists users cascade 
1775893431331|0|statement|connection 104|url jdbc:h2:mem:fa7bf88c-23ee-4bf6-bfde-6493b4877743|     drop table if exists booking cascade |     drop table if exists booking cascade 
1775893431331|0|statement|connection 104|url jdbc:h2:mem:fa7bf88c-23ee-4bf6-bfde-6493b4877743|     drop table if exists concert cascade |     drop table if exists concert cascade 
1775893431331|0|statement|connection 104|url jdbc:h2:mem:fa7bf88c-23ee-4bf6-bfde-6493b4877743|     drop table if exists coupon cascade |     drop table if exists coupon cascade 
1775893431331|0|statement|connection 104|url jdbc:h2:mem:fa7bf88c-23ee-4bf6-bfde-6493b4877743|     drop table if exists coupon_issue cascade |     drop table if exists coupon_issue cascade 
1775893431332|0|statement|connection 104|url jdbc:h2:mem:fa7bf88c-23ee-4bf6-bfde-6493b4877743|     drop table if exists payment cascade |     drop table if exists payment cascade 
1775893431332|0|statement|connection 104|url jdbc:h2:mem:fa7bf88c-23ee-4bf6-bfde-6493b4877743|     drop table if exists payment_compensation_outbox cascade |     drop table if exists payment_compensation_outbox cascade 
1775893431332|0|statement|connection 104|url jdbc:h2:mem:fa7bf88c-23ee-4bf6-bfde-6493b4877743|     drop table if exists refresh_token cascade |     drop table if exists refresh_token cascade 
1775893431333|0|statement|connection 104|url jdbc:h2:mem:fa7bf88c-23ee-4bf6-bfde-6493b4877743|     drop table if exists users cascade |     drop table if exists users cascade 
1775893431338|0|statement|connection 105|url jdbc:h2:mem:a175e2f5-0a3d-493d-9890-fb20c3d15c23|     drop table if exists booking cascade |     drop table if exists booking cascade 
1775893431338|0|statement|connection 105|url jdbc:h2:mem:a175e2f5-0a3d-493d-9890-fb20c3d15c23|     drop table if exists concert cascade |     drop table if exists concert cascade 
1775893431338|0|statement|connection 105|url jdbc:h2:mem:a175e2f5-0a3d-493d-9890-fb20c3d15c23|     drop table if exists coupon cascade |     drop table if exists coupon cascade 
1775893431339|0|statement|connection 105|url jdbc:h2:mem:a175e2f5-0a3d-493d-9890-fb20c3d15c23|     drop table if exists coupon_issue cascade |     drop table if exists coupon_issue cascade 
1775893431339|0|statement|connection 105|url jdbc:h2:mem:a175e2f5-0a3d-493d-9890-fb20c3d15c23|     drop table if exists payment cascade |     drop table if exists payment cascade 
1775893431339|0|statement|connection 105|url jdbc:h2:mem:a175e2f5-0a3d-493d-9890-fb20c3d15c23|     drop table if exists payment_compensation_outbox cascade |     drop table if exists payment_compensation_outbox cascade 
1775893431339|0|statement|connection 105|url jdbc:h2:mem:a175e2f5-0a3d-493d-9890-fb20c3d15c23|     drop table if exists refresh_token cascade |     drop table if exists refresh_token cascade 
1775893431339|0|statement|connection 105|url jdbc:h2:mem:a175e2f5-0a3d-493d-9890-fb20c3d15c23|     drop table if exists users cascade |     drop table if exists users cascade 
1775893793558|0|statement|connection 111|url jdbc:h2:mem:636083cf-650b-43a1-83f2-ea5e9b85bc87|     drop table if exists booking cascade |     drop table if exists booking cascade 
1775893793559|0|statement|connection 111|url jdbc:h2:mem:636083cf-650b-43a1-83f2-ea5e9b85bc87|     drop table if exists concert cascade |     drop table if exists concert cascade 
1775893793560|0|statement|connection 111|url jdbc:h2:mem:636083cf-650b-43a1-83f2-ea5e9b85bc87|     drop table if exists coupon cascade |     drop table if exists coupon cascade 
1775893793560|0|statement|connection 111|url jdbc:h2:mem:636083cf-650b-43a1-83f2-ea5e9b85bc87|     drop table if exists coupon_issue cascade |     drop table if exists coupon_issue cascade 
1775893793560|0|statement|connection 111|url jdbc:h2:mem:636083cf-650b-43a1-83f2-ea5e9b85bc87|     drop table if exists payment cascade |     drop table if exists payment cascade 
1775893793561|0|statement|connection 111|url jdbc:h2:mem:636083cf-650b-43a1-83f2-ea5e9b85bc87|     drop table if exists payment_compensation_outbox cascade |     drop table if exists payment_compensation_outbox cascade 
1775893793561|0|statement|connection 111|url jdbc:h2:mem:636083cf-650b-43a1-83f2-ea5e9b85bc87|     drop table if exists refresh_token cascade |     drop table if exists refresh_token cascade 
1775893793562|0|statement|connection 111|url jdbc:h2:mem:636083cf-650b-43a1-83f2-ea5e9b85bc87|     drop table if exists users cascade |     drop table if exists users cascade 
1775893793570|0|statement|connection 112|url jdbc:h2:mem:5cd0a75d-dc7c-4d30-8bad-0ed79cf6465b|     drop table if exists booking cascade |     drop table if exists booking cascade 
1775893793571|0|statement|connection 112|url jdbc:h2:mem:5cd0a75d-dc7c-4d30-8bad-0ed79cf6465b|     drop table if exists concert cascade |     drop table if exists concert cascade 
1775893793571|0|statement|connection 112|url jdbc:h2:mem:5cd0a75d-dc7c-4d30-8bad-0ed79cf6465b|     drop table if exists coupon cascade |     drop table if exists coupon cascade 
1775893793571|0|statement|connection 112|url jdbc:h2:mem:5cd0a75d-dc7c-4d30-8bad-0ed79cf6465b|     drop table if exists coupon_issue cascade |     drop table if exists coupon_issue cascade 
1775893793572|0|statement|connection 112|url jdbc:h2:mem:5cd0a75d-dc7c-4d30-8bad-0ed79cf6465b|     drop table if exists payment cascade |     drop table if exists payment cascade 
1775893793572|0|statement|connection 112|url jdbc:h2:mem:5cd0a75d-dc7c-4d30-8bad-0ed79cf6465b|     drop table if exists payment_compensation_outbox cascade |     drop table if exists payment_compensation_outbox cascade 
1775893793573|0|statement|connection 112|url jdbc:h2:mem:5cd0a75d-dc7c-4d30-8bad-0ed79cf6465b|     drop table if exists refresh_token cascade |     drop table if exists refresh_token cascade 
1775893793573|0|statement|connection 112|url jdbc:h2:mem:5cd0a75d-dc7c-4d30-8bad-0ed79cf6465b|     drop table if exists users cascade |     drop table if exists users cascade 
1775893793586|1|statement|connection 113|url jdbc:h2:mem:9d26b6da-d30a-4230-97da-afdc8d91b77c|     drop table if exists booking cascade |     drop table if exists booking cascade 
1775893793587|0|statement|connection 113|url jdbc:h2:mem:9d26b6da-d30a-4230-97da-afdc8d91b77c|     drop table if exists concert cascade |     drop table if exists concert cascade 
1775893793595|7|statement|connection 113|url jdbc:h2:mem:9d26b6da-d30a-4230-97da-afdc8d91b77c|     drop table if exists coupon cascade |     drop table if exists coupon cascade 
1775893793595|0|statement|connection 113|url jdbc:h2:mem:9d26b6da-d30a-4230-97da-afdc8d91b77c|     drop table if exists coupon_issue cascade |     drop table if exists coupon_issue cascade 
1775893793596|0|statement|connection 113|url jdbc:h2:mem:9d26b6da-d30a-4230-97da-afdc8d91b77c|     drop table if exists payment cascade |     drop table if exists payment cascade 
1775893793596|0|statement|connection 113|url jdbc:h2:mem:9d26b6da-d30a-4230-97da-afdc8d91b77c|     drop table if exists payment_compensation_outbox cascade |     drop table if exists payment_compensation_outbox cascade 
1775893793596|0|statement|connection 113|url jdbc:h2:mem:9d26b6da-d30a-4230-97da-afdc8d91b77c|     drop table if exists refresh_token cascade |     drop table if exists refresh_token cascade 
1775893793611|15|statement|connection 113|url jdbc:h2:mem:9d26b6da-d30a-4230-97da-afdc8d91b77c|     drop table if exists users cascade |     drop table if exists users cascade 
1775893793635|1|statement|connection 114|url jdbc:h2:mem:34968adc-c357-4514-a409-444c4b5d9fc3|     drop table if exists booking cascade |     drop table if exists booking cascade 
1775893793636|0|statement|connection 114|url jdbc:h2:mem:34968adc-c357-4514-a409-444c4b5d9fc3|     drop table if exists concert cascade |     drop table if exists concert cascade 
1775893793637|0|statement|connection 114|url jdbc:h2:mem:34968adc-c357-4514-a409-444c4b5d9fc3|     drop table if exists coupon cascade |     drop table if exists coupon cascade 
1775893793637|0|statement|connection 114|url jdbc:h2:mem:34968adc-c357-4514-a409-444c4b5d9fc3|     drop table if exists coupon_issue cascade |     drop table if exists coupon_issue cascade 
1775893793638|0|statement|connection 114|url jdbc:h2:mem:34968adc-c357-4514-a409-444c4b5d9fc3|     drop table if exists payment cascade |     drop table if exists payment cascade 
1775893793639|0|statement|connection 114|url jdbc:h2:mem:34968adc-c357-4514-a409-444c4b5d9fc3|     drop table if exists payment_compensation_outbox cascade |     drop table if exists payment_compensation_outbox cascade 
1775893793639|0|statement|connection 114|url jdbc:h2:mem:34968adc-c357-4514-a409-444c4b5d9fc3|     drop table if exists refresh_token cascade |     drop table if exists refresh_token cascade 
1775893793639|0|statement|connection 114|url jdbc:h2:mem:34968adc-c357-4514-a409-444c4b5d9fc3|     drop table if exists users cascade |     drop table if exists users cascade 
1775893884227|0|statement|connection 109|url jdbc:h2:mem:0709eefc-6fa2-4f19-b54b-8841764d7e20|     drop table if exists booking cascade |     drop table if exists booking cascade 
1775893884228|0|statement|connection 109|url jdbc:h2:mem:0709eefc-6fa2-4f19-b54b-8841764d7e20|     drop table if exists concert cascade |     drop table if exists concert cascade 
1775893884229|0|statement|connection 109|url jdbc:h2:mem:0709eefc-6fa2-4f19-b54b-8841764d7e20|     drop table if exists coupon cascade |     drop table if exists coupon cascade 
1775893884229|0|statement|connection 109|url jdbc:h2:mem:0709eefc-6fa2-4f19-b54b-8841764d7e20|     drop table if exists coupon_issue cascade |     drop table if exists coupon_issue cascade 
1775893884229|0|statement|connection 109|url jdbc:h2:mem:0709eefc-6fa2-4f19-b54b-8841764d7e20|     drop table if exists payment cascade |     drop table if exists payment cascade 
1775893884230|0|statement|connection 109|url jdbc:h2:mem:0709eefc-6fa2-4f19-b54b-8841764d7e20|     drop table if exists payment_compensation_outbox cascade |     drop table if exists payment_compensation_outbox cascade 
1775893884230|0|statement|connection 109|url jdbc:h2:mem:0709eefc-6fa2-4f19-b54b-8841764d7e20|     drop table if exists refresh_token cascade |     drop table if exists refresh_token cascade 
1775893884230|0|statement|connection 109|url jdbc:h2:mem:0709eefc-6fa2-4f19-b54b-8841764d7e20|     drop table if exists users cascade |     drop table if exists users cascade 
1775893884239|0|statement|connection 110|url jdbc:h2:mem:ce0bd6d5-ae84-49c4-b3d0-2cdf3a53f90c|     drop table if exists booking cascade |     drop table if exists booking cascade 
1775893884239|0|statement|connection 110|url jdbc:h2:mem:ce0bd6d5-ae84-49c4-b3d0-2cdf3a53f90c|     drop table if exists concert cascade |     drop table if exists concert cascade 
1775893884240|0|statement|connection 110|url jdbc:h2:mem:ce0bd6d5-ae84-49c4-b3d0-2cdf3a53f90c|     drop table if exists coupon cascade |     drop table if exists coupon cascade 
1775893884240|0|statement|connection 110|url jdbc:h2:mem:ce0bd6d5-ae84-49c4-b3d0-2cdf3a53f90c|     drop table if exists coupon_issue cascade |     drop table if exists coupon_issue cascade 
1775893884240|0|statement|connection 110|url jdbc:h2:mem:ce0bd6d5-ae84-49c4-b3d0-2cdf3a53f90c|     drop table if exists payment cascade |     drop table if exists payment cascade 
1775893884241|0|statement|connection 110|url jdbc:h2:mem:ce0bd6d5-ae84-49c4-b3d0-2cdf3a53f90c|     drop table if exists payment_compensation_outbox cascade |     drop table if exists payment_compensation_outbox cascade 
1775893884241|0|statement|connection 110|url jdbc:h2:mem:ce0bd6d5-ae84-49c4-b3d0-2cdf3a53f90c|     drop table if exists refresh_token cascade |     drop table if exists refresh_token cascade 
1775893884241|0|statement|connection 110|url jdbc:h2:mem:ce0bd6d5-ae84-49c4-b3d0-2cdf3a53f90c|     drop table if exists users cascade |     drop table if exists users cascade 
1775893884250|0|statement|connection 111|url jdbc:h2:mem:b2f8000b-053c-42c8-a38d-fd43693b91da|     drop table if exists booking cascade |     drop table if exists booking cascade 
1775893884251|0|statement|connection 111|url jdbc:h2:mem:b2f8000b-053c-42c8-a38d-fd43693b91da|     drop table if exists concert cascade |     drop table if exists concert cascade 
1775893884251|0|statement|connection 111|url jdbc:h2:mem:b2f8000b-053c-42c8-a38d-fd43693b91da|     drop table if exists coupon cascade |     drop table if exists coupon cascade 
1775893884252|0|statement|connection 111|url jdbc:h2:mem:b2f8000b-053c-42c8-a38d-fd43693b91da|     drop table if exists coupon_issue cascade |     drop table if exists coupon_issue cascade 
1775893884252|0|statement|connection 111|url jdbc:h2:mem:b2f8000b-053c-42c8-a38d-fd43693b91da|     drop table if exists payment cascade |     drop table if exists payment cascade 
1775893884253|0|statement|connection 111|url jdbc:h2:mem:b2f8000b-053c-42c8-a38d-fd43693b91da|     drop table if exists payment_compensation_outbox cascade |     drop table if exists payment_compensation_outbox cascade 
1775893884253|0|statement|connection 111|url jdbc:h2:mem:b2f8000b-053c-42c8-a38d-fd43693b91da|     drop table if exists refresh_token cascade |     drop table if exists refresh_token cascade 
1775893884254|0|statement|connection 111|url jdbc:h2:mem:b2f8000b-053c-42c8-a38d-fd43693b91da|     drop table if exists users cascade |     drop table if exists users cascade 
1775893884263|0|statement|connection 112|url jdbc:h2:mem:cba50d8a-422c-45cb-9a8a-32708fde8140|     drop table if exists booking cascade |     drop table if exists booking cascade 
1775893884263|0|statement|connection 112|url jdbc:h2:mem:cba50d8a-422c-45cb-9a8a-32708fde8140|     drop table if exists concert cascade |     drop table if exists concert cascade 
1775893884264|0|statement|connection 112|url jdbc:h2:mem:cba50d8a-422c-45cb-9a8a-32708fde8140|     drop table if exists coupon cascade |     drop table if exists coupon cascade 
1775893884264|0|statement|connection 112|url jdbc:h2:mem:cba50d8a-422c-45cb-9a8a-32708fde8140|     drop table if exists coupon_issue cascade |     drop table if exists coupon_issue cascade 
1775893884264|0|statement|connection 112|url jdbc:h2:mem:cba50d8a-422c-45cb-9a8a-32708fde8140|     drop table if exists payment cascade |     drop table if exists payment cascade 
1775893884265|0|statement|connection 112|url jdbc:h2:mem:cba50d8a-422c-45cb-9a8a-32708fde8140|     drop table if exists payment_compensation_outbox cascade |     drop table if exists payment_compensation_outbox cascade 
1775893884265|0|statement|connection 112|url jdbc:h2:mem:cba50d8a-422c-45cb-9a8a-32708fde8140|     drop table if exists refresh_token cascade |     drop table if exists refresh_token cascade 
1775893884265|0|statement|connection 112|url jdbc:h2:mem:cba50d8a-422c-45cb-9a8a-32708fde8140|     drop table if exists users cascade |     drop table if exists users cascade 
1776069381282|0|statement|connection 441|url jdbc:h2:mem:08d565ed-426c-4841-974f-10618082757a|     drop table if exists booking cascade |     drop table if exists booking cascade 
1776069381282|0|statement|connection 441|url jdbc:h2:mem:08d565ed-426c-4841-974f-10618082757a|     drop table if exists concert cascade |     drop table if exists concert cascade 
1776069381283|0|statement|connection 441|url jdbc:h2:mem:08d565ed-426c-4841-974f-10618082757a|     drop table if exists coupon cascade |     drop table if exists coupon cascade 
1776069381283|0|statement|connection 441|url jdbc:h2:mem:08d565ed-426c-4841-974f-10618082757a|     drop table if exists coupon_issue cascade |     drop table if exists coupon_issue cascade 
1776069381283|0|statement|connection 441|url jdbc:h2:mem:08d565ed-426c-4841-974f-10618082757a|     drop table if exists payment cascade |     drop table if exists payment cascade 
1776069381283|0|statement|connection 441|url jdbc:h2:mem:08d565ed-426c-4841-974f-10618082757a|     drop table if exists payment_compensation_outbox cascade |     drop table if exists payment_compensation_outbox cascade 
1776069381283|0|statement|connection 441|url jdbc:h2:mem:08d565ed-426c-4841-974f-10618082757a|     drop table if exists refresh_token cascade |     drop table if exists refresh_token cascade 
1776069381283|0|statement|connection 441|url jdbc:h2:mem:08d565ed-426c-4841-974f-10618082757a|     drop table if exists users cascade |     drop table if exists users cascade 
1776069381288|0|statement|connection 442|url jdbc:h2:mem:08b4930f-983a-425a-86cd-b789f30f0bd9|     drop table if exists booking cascade |     drop table if exists booking cascade 
1776069381288|0|statement|connection 442|url jdbc:h2:mem:08b4930f-983a-425a-86cd-b789f30f0bd9|     drop table if exists concert cascade |     drop table if exists concert cascade 
1776069381288|0|statement|connection 442|url jdbc:h2:mem:08b4930f-983a-425a-86cd-b789f30f0bd9|     drop table if exists coupon cascade |     drop table if exists coupon cascade 
1776069381288|0|statement|connection 442|url jdbc:h2:mem:08b4930f-983a-425a-86cd-b789f30f0bd9|     drop table if exists coupon_issue cascade |     drop table if exists coupon_issue cascade 
1776069381288|0|statement|connection 442|url jdbc:h2:mem:08b4930f-983a-425a-86cd-b789f30f0bd9|     drop table if exists payment cascade |     drop table if exists payment cascade 
1776069381288|0|statement|connection 442|url jdbc:h2:mem:08b4930f-983a-425a-86cd-b789f30f0bd9|     drop table if exists payment_compensation_outbox cascade |     drop table if exists payment_compensation_outbox cascade 
1776069381288|0|statement|connection 442|url jdbc:h2:mem:08b4930f-983a-425a-86cd-b789f30f0bd9|     drop table if exists refresh_token cascade |     drop table if exists refresh_token cascade 
1776069381289|0|statement|connection 442|url jdbc:h2:mem:08b4930f-983a-425a-86cd-b789f30f0bd9|     drop table if exists users cascade |     drop table if exists users cascade 
1776069381294|0|statement|connection 443|url jdbc:h2:mem:216cd66e-c4e4-4def-a5fd-7f70d1354aac|     drop table if exists booking cascade |     drop table if exists booking cascade 
1776069381294|0|statement|connection 443|url jdbc:h2:mem:216cd66e-c4e4-4def-a5fd-7f70d1354aac|     drop table if exists concert cascade |     drop table if exists concert cascade 
1776069381294|0|statement|connection 443|url jdbc:h2:mem:216cd66e-c4e4-4def-a5fd-7f70d1354aac|     drop table if exists coupon cascade |     drop table if exists coupon cascade 
1776069381294|0|statement|connection 443|url jdbc:h2:mem:216cd66e-c4e4-4def-a5fd-7f70d1354aac|     drop table if exists coupon_issue cascade |     drop table if exists coupon_issue cascade 
1776069381294|0|statement|connection 443|url jdbc:h2:mem:216cd66e-c4e4-4def-a5fd-7f70d1354aac|     drop table if exists payment cascade |     drop table if exists payment cascade 
1776069381294|0|statement|connection 443|url jdbc:h2:mem:216cd66e-c4e4-4def-a5fd-7f70d1354aac|     drop table if exists payment_compensation_outbox cascade |     drop table if exists payment_compensation_outbox cascade 
1776069381294|0|statement|connection 443|url jdbc:h2:mem:216cd66e-c4e4-4def-a5fd-7f70d1354aac|     drop table if exists refresh_token cascade |     drop table if exists refresh_token cascade 
1776069381294|0|statement|connection 443|url jdbc:h2:mem:216cd66e-c4e4-4def-a5fd-7f70d1354aac|     drop table if exists users cascade |     drop table if exists users cascade 
1776069381312|11|statement|connection 444|url jdbc:mysql://localhost:53243/blog_test|     alter table booking         drop         foreign key FKfd8akbanj9qwf0130goqumjvd|     alter table booking         drop         foreign key FKfd8akbanj9qwf0130goqumjvd
1776069381316|3|statement|connection 444|url jdbc:mysql://localhost:53243/blog_test|     alter table coupon_issue         drop         foreign key FKaxdtc4pg7dy7rmvkvqxdag9jn|     alter table coupon_issue         drop         foreign key FKaxdtc4pg7dy7rmvkvqxdag9jn
1776069381321|5|statement|connection 444|url jdbc:mysql://localhost:53243/blog_test|     alter table payment         drop         foreign key FKqewrl4xrv9eiad6eab3aoja65|     alter table payment         drop         foreign key FKqewrl4xrv9eiad6eab3aoja65
1776069381324|3|statement|connection 444|url jdbc:mysql://localhost:53243/blog_test|     drop table if exists booking|     drop table if exists booking
1776069381327|2|statement|connection 444|url jdbc:mysql://localhost:53243/blog_test|     drop table if exists concert|     drop table if exists concert
1776069381331|3|statement|connection 444|url jdbc:mysql://localhost:53243/blog_test|     drop table if exists coupon|     drop table if exists coupon
1776069381333|2|statement|connection 444|url jdbc:mysql://localhost:53243/blog_test|     drop table if exists coupon_issue|     drop table if exists coupon_issue
1776069381336|2|statement|connection 444|url jdbc:mysql://localhost:53243/blog_test|     drop table if exists payment|     drop table if exists payment
1776069381339|2|statement|connection 444|url jdbc:mysql://localhost:53243/blog_test|     drop table if exists payment_compensation_outbox|     drop table if exists payment_compensation_outbox
1776069381341|2|statement|connection 444|url jdbc:mysql://localhost:53243/blog_test|     drop table if exists refresh_token|     drop table if exists refresh_token
1776069381345|3|statement|connection 444|url jdbc:mysql://localhost:53243/blog_test|     drop table if exists users|     drop table if exists users
1776069381352|0|statement|connection 445|url jdbc:mysql://localhost:53243/blog_test|     alter table booking         drop         foreign key FKfd8akbanj9qwf0130goqumjvd|     alter table booking         drop         foreign key FKfd8akbanj9qwf0130goqumjvd
1776069381352|0|statement|connection 445|url jdbc:mysql://localhost:53243/blog_test|     alter table coupon_issue         drop         foreign key FKaxdtc4pg7dy7rmvkvqxdag9jn|     alter table coupon_issue         drop         foreign key FKaxdtc4pg7dy7rmvkvqxdag9jn
1776069381353|0|statement|connection 445|url jdbc:mysql://localhost:53243/blog_test|     alter table payment         drop         foreign key FKqewrl4xrv9eiad6eab3aoja65|     alter table payment         drop         foreign key FKqewrl4xrv9eiad6eab3aoja65
1776069381355|1|statement|connection 445|url jdbc:mysql://localhost:53243/blog_test|     drop table if exists booking|     drop table if exists booking
1776069381356|1|statement|connection 445|url jdbc:mysql://localhost:53243/blog_test|     drop table if exists concert|     drop table if exists concert
1776069381357|0|statement|connection 445|url jdbc:mysql://localhost:53243/blog_test|     drop table if exists coupon|     drop table if exists coupon
1776069381358|0|statement|connection 445|url jdbc:mysql://localhost:53243/blog_test|     drop table if exists coupon_issue|     drop table if exists coupon_issue
1776069381359|0|statement|connection 445|url jdbc:mysql://localhost:53243/blog_test|     drop table if exists payment|     drop table if exists payment
1776069381360|0|statement|connection 445|url jdbc:mysql://localhost:53243/blog_test|     drop table if exists payment_compensation_outbox|     drop table if exists payment_compensation_outbox
1776069381362|1|statement|connection 445|url jdbc:mysql://localhost:53243/blog_test|     drop table if exists refresh_token|     drop table if exists refresh_token
1776069381363|0|statement|connection 445|url jdbc:mysql://localhost:53243/blog_test|     drop table if exists users|     drop table if exists users
1776069381371|0|statement|connection 446|url jdbc:h2:mem:e66cee9e-fc73-4a1d-94d7-c90c36b25f8b|     drop table if exists booking cascade |     drop table if exists booking cascade 
1776069381371|0|statement|connection 446|url jdbc:h2:mem:e66cee9e-fc73-4a1d-94d7-c90c36b25f8b|     drop table if exists concert cascade |     drop table if exists concert cascade 
1776069381371|0|statement|connection 446|url jdbc:h2:mem:e66cee9e-fc73-4a1d-94d7-c90c36b25f8b|     drop table if exists coupon cascade |     drop table if exists coupon cascade 
1776069381372|0|statement|connection 446|url jdbc:h2:mem:e66cee9e-fc73-4a1d-94d7-c90c36b25f8b|     drop table if exists coupon_issue cascade |     drop table if exists coupon_issue cascade 
1776069381372|0|statement|connection 446|url jdbc:h2:mem:e66cee9e-fc73-4a1d-94d7-c90c36b25f8b|     drop table if exists payment cascade |     drop table if exists payment cascade 
1776069381372|0|statement|connection 446|url jdbc:h2:mem:e66cee9e-fc73-4a1d-94d7-c90c36b25f8b|     drop table if exists payment_compensation_outbox cascade |     drop table if exists payment_compensation_outbox cascade 
1776069381372|0|statement|connection 446|url jdbc:h2:mem:e66cee9e-fc73-4a1d-94d7-c90c36b25f8b|     drop table if exists refresh_token cascade |     drop table if exists refresh_token cascade 
1776069381372|0|statement|connection 446|url jdbc:h2:mem:e66cee9e-fc73-4a1d-94d7-c90c36b25f8b|     drop table if exists users cascade |     drop table if exists users cascade 
1776069381376|0|statement|connection 447|url jdbc:h2:mem:0178565d-3527-462f-ab15-3c998d625eab|     drop table if exists booking cascade |     drop table if exists booking cascade 
1776069381376|0|statement|connection 447|url jdbc:h2:mem:0178565d-3527-462f-ab15-3c998d625eab|     drop table if exists concert cascade |     drop table if exists concert cascade 
1776069381376|0|statement|connection 447|url jdbc:h2:mem:0178565d-3527-462f-ab15-3c998d625eab|     drop table if exists coupon cascade |     drop table if exists coupon cascade 
1776069381376|0|statement|connection 447|url jdbc:h2:mem:0178565d-3527-462f-ab15-3c998d625eab|     drop table if exists coupon_issue cascade |     drop table if exists coupon_issue cascade 
1776069381376|0|statement|connection 447|url jdbc:h2:mem:0178565d-3527-462f-ab15-3c998d625eab|     drop table if exists payment cascade |     drop table if exists payment cascade 
1776069381376|0|statement|connection 447|url jdbc:h2:mem:0178565d-3527-462f-ab15-3c998d625eab|     drop table if exists payment_compensation_outbox cascade |     drop table if exists payment_compensation_outbox cascade 
1776069381376|0|statement|connection 447|url jdbc:h2:mem:0178565d-3527-462f-ab15-3c998d625eab|     drop table if exists refresh_token cascade |     drop table if exists refresh_token cascade 
1776069381376|0|statement|connection 447|url jdbc:h2:mem:0178565d-3527-462f-ab15-3c998d625eab|     drop table if exists users cascade |     drop table if exists users cascade 
1776069381381|0|statement|connection 448|url jdbc:h2:mem:f76330c8-59a4-44ce-9ac8-e689338e1a68|     drop table if exists booking cascade |     drop table if exists booking cascade 
1776069381381|0|statement|connection 448|url jdbc:h2:mem:f76330c8-59a4-44ce-9ac8-e689338e1a68|     drop table if exists concert cascade |     drop table if exists concert cascade 
1776069381381|0|statement|connection 448|url jdbc:h2:mem:f76330c8-59a4-44ce-9ac8-e689338e1a68|     drop table if exists coupon cascade |     drop table if exists coupon cascade 
1776069381381|0|statement|connection 448|url jdbc:h2:mem:f76330c8-59a4-44ce-9ac8-e689338e1a68|     drop table if exists coupon_issue cascade |     drop table if exists coupon_issue cascade 
1776069381381|0|statement|connection 448|url jdbc:h2:mem:f76330c8-59a4-44ce-9ac8-e689338e1a68|     drop table if exists payment cascade |     drop table if exists payment cascade 
1776069381381|0|statement|connection 448|url jdbc:h2:mem:f76330c8-59a4-44ce-9ac8-e689338e1a68|     drop table if exists payment_compensation_outbox cascade |     drop table if exists payment_compensation_outbox cascade 
1776069381381|0|statement|connection 448|url jdbc:h2:mem:f76330c8-59a4-44ce-9ac8-e689338e1a68|     drop table if exists refresh_token cascade |     drop table if exists refresh_token cascade 
1776069381381|0|statement|connection 448|url jdbc:h2:mem:f76330c8-59a4-44ce-9ac8-e689338e1a68|     drop table if exists users cascade |     drop table if exists users cascade 
